[11-May-2026 05:45:55 Europe/Berlin] [API Error] Database connection failed: SQLSTATE[HY000] [2002] No connection could be made because the target machine actively refused it in P:\Website Projects\Projects001\backend\config\Database.php:42
[11-May-2026 05:45:59 Europe/Berlin] [API Error] Database connection failed: SQLSTATE[HY000] [2002] No connection could be made because the target machine actively refused it in P:\Website Projects\Projects001\backend\config\Database.php:42
[11-May-2026 05:46:03 Europe/Berlin] [API Error] Database connection failed: SQLSTATE[HY000] [2002] No connection could be made because the target machine actively refused it in P:\Website Projects\Projects001\backend\config\Database.php:42
[11-May-2026 05:46:07 Europe/Berlin] [API Error] Database connection failed: SQLSTATE[HY000] [2002] No connection could be made because the target machine actively refused it in P:\Website Projects\Projects001\backend\config\Database.php:42
[11-May-2026 05:46:11 Europe/Berlin] [API Error] Database connection failed: SQLSTATE[HY000] [2002] No connection could be made because the target machine actively refused it in P:\Website Projects\Projects001\backend\config\Database.php:42
[11-May-2026 05:46:15 Europe/Berlin] [API Error] Database connection failed: SQLSTATE[HY000] [2002] No connection could be made because the target machine actively refused it in P:\Website Projects\Projects001\backend\config\Database.php:42
[11-May-2026 05:46:19 Europe/Berlin] [API Error] Database connection failed: SQLSTATE[HY000] [2002] No connection could be made because the target machine actively refused it in P:\Website Projects\Projects001\backend\config\Database.php:42
[11-May-2026 05:46:23 Europe/Berlin] [API Error] Database connection failed: SQLSTATE[HY000] [2002] No connection could be made because the target machine actively refused it in P:\Website Projects\Projects001\backend\config\Database.php:42
[11-May-2026 05:46:28 Europe/Berlin] [API Error] Database connection failed: SQLSTATE[HY000] [2002] No connection could be made because the target machine actively refused it in P:\Website Projects\Projects001\backend\config\Database.php:42
[11-May-2026 06:08:54 Europe/Berlin] [API Error] syntax error, unexpected token "public", expecting end of file in P:\Website Projects\Projects001\backend\app\Controllers\RechargeSettingsController.php:32
[11-May-2026 06:08:54 Europe/Berlin] [API Error] syntax error, unexpected token "public", expecting end of file in P:\Website Projects\Projects001\backend\app\Controllers\RechargeSettingsController.php:32
[11-May-2026 06:09:33 Europe/Berlin] [API Error] syntax error, unexpected token "public", expecting end of file in P:\Website Projects\Projects001\backend\app\Controllers\RechargeSettingsController.php:32
[11-May-2026 08:10:00 Europe/Berlin] PHP Warning:  require_once(P:\Website Projects\Projects001\backend\app\Controllers\Admin/../../config/Database.php): Failed to open stream: No such file or directory in P:\Website Projects\Projects001\backend\app\Controllers\Admin\ImageManagerController.php on line 2
[11-May-2026 08:10:00 Europe/Berlin] [API Error] Failed opening required 'P:\Website Projects\Projects001\backend\app\Controllers\Admin/../../config/Database.php' (include_path='C:\xampp\php\PEAR') in P:\Website Projects\Projects001\backend\app\Controllers\Admin\ImageManagerController.php:2
[11-May-2026 08:10:00 Europe/Berlin] PHP Warning:  require_once(P:\Website Projects\Projects001\backend\app\Controllers\Admin/../../config/Database.php): Failed to open stream: No such file or directory in P:\Website Projects\Projects001\backend\app\Controllers\Admin\ImageManagerController.php on line 2
[11-May-2026 08:10:00 Europe/Berlin] [API Error] Failed opening required 'P:\Website Projects\Projects001\backend\app\Controllers\Admin/../../config/Database.php' (include_path='C:\xampp\php\PEAR') in P:\Website Projects\Projects001\backend\app\Controllers\Admin\ImageManagerController.php:2
[11-May-2026 08:10:07 Europe/Berlin] PHP Warning:  require_once(P:\Website Projects\Projects001\backend\app\Controllers\Admin/../../config/Database.php): Failed to open stream: No such file or directory in P:\Website Projects\Projects001\backend\app\Controllers\Admin\ImageManagerController.php on line 2
[11-May-2026 08:10:07 Europe/Berlin] [API Error] Failed opening required 'P:\Website Projects\Projects001\backend\app\Controllers\Admin/../../config/Database.php' (include_path='C:\xampp\php\PEAR') in P:\Website Projects\Projects001\backend\app\Controllers\Admin\ImageManagerController.php:2
[11-May-2026 08:10:07 Europe/Berlin] PHP Warning:  require_once(P:\Website Projects\Projects001\backend\app\Controllers\Admin/../../config/Database.php): Failed to open stream: No such file or directory in P:\Website Projects\Projects001\backend\app\Controllers\Admin\ImageManagerController.php on line 2
[11-May-2026 08:10:07 Europe/Berlin] [API Error] Failed opening required 'P:\Website Projects\Projects001\backend\app\Controllers\Admin/../../config/Database.php' (include_path='C:\xampp\php\PEAR') in P:\Website Projects\Projects001\backend\app\Controllers\Admin\ImageManagerController.php:2
[11-May-2026 08:10:30 Europe/Berlin] PHP Warning:  require_once(P:\Website Projects\Projects001\backend\app\Controllers\Admin/../../config/Database.php): Failed to open stream: No such file or directory in P:\Website Projects\Projects001\backend\app\Controllers\Admin\ImageManagerController.php on line 2
[11-May-2026 08:10:30 Europe/Berlin] [API Error] Failed opening required 'P:\Website Projects\Projects001\backend\app\Controllers\Admin/../../config/Database.php' (include_path='C:\xampp\php\PEAR') in P:\Website Projects\Projects001\backend\app\Controllers\Admin\ImageManagerController.php:2
[11-May-2026 08:10:30 Europe/Berlin] PHP Warning:  require_once(P:\Website Projects\Projects001\backend\app\Controllers\Admin/../../config/Database.php): Failed to open stream: No such file or directory in P:\Website Projects\Projects001\backend\app\Controllers\Admin\ImageManagerController.php on line 2
[11-May-2026 08:10:30 Europe/Berlin] [API Error] Failed opening required 'P:\Website Projects\Projects001\backend\app\Controllers\Admin/../../config/Database.php' (include_path='C:\xampp\php\PEAR') in P:\Website Projects\Projects001\backend\app\Controllers\Admin\ImageManagerController.php:2
[11-May-2026 08:10:34 Europe/Berlin] PHP Warning:  require_once(P:\Website Projects\Projects001\backend\app\Controllers\Admin/../../config/Database.php): Failed to open stream: No such file or directory in P:\Website Projects\Projects001\backend\app\Controllers\Admin\ImageManagerController.php on line 2
[11-May-2026 08:10:34 Europe/Berlin] [API Error] Failed opening required 'P:\Website Projects\Projects001\backend\app\Controllers\Admin/../../config/Database.php' (include_path='C:\xampp\php\PEAR') in P:\Website Projects\Projects001\backend\app\Controllers\Admin\ImageManagerController.php:2
[11-May-2026 08:10:34 Europe/Berlin] PHP Warning:  require_once(P:\Website Projects\Projects001\backend\app\Controllers\Admin/../../config/Database.php): Failed to open stream: No such file or directory in P:\Website Projects\Projects001\backend\app\Controllers\Admin\ImageManagerController.php on line 2
[11-May-2026 08:10:34 Europe/Berlin] [API Error] Failed opening required 'P:\Website Projects\Projects001\backend\app\Controllers\Admin/../../config/Database.php' (include_path='C:\xampp\php\PEAR') in P:\Website Projects\Projects001\backend\app\Controllers\Admin\ImageManagerController.php:2
[11-May-2026 08:19:04 Europe/Berlin] PHP Warning:  require_once(P:\Website Projects\Projects001\backend\app\Controllers\Admin/../../config/Database.php): Failed to open stream: No such file or directory in P:\Website Projects\Projects001\backend\app\Controllers\Admin\ImageManagerController.php on line 2
[11-May-2026 08:19:04 Europe/Berlin] [API Error] Failed opening required 'P:\Website Projects\Projects001\backend\app\Controllers\Admin/../../config/Database.php' (include_path='C:\xampp\php\PEAR') in P:\Website Projects\Projects001\backend\app\Controllers\Admin\ImageManagerController.php:2
[11-May-2026 08:19:04 Europe/Berlin] PHP Warning:  require_once(P:\Website Projects\Projects001\backend\app\Controllers\Admin/../../config/Database.php): Failed to open stream: No such file or directory in P:\Website Projects\Projects001\backend\app\Controllers\Admin\ImageManagerController.php on line 2
[11-May-2026 08:19:04 Europe/Berlin] [API Error] Failed opening required 'P:\Website Projects\Projects001\backend\app\Controllers\Admin/../../config/Database.php' (include_path='C:\xampp\php\PEAR') in P:\Website Projects\Projects001\backend\app\Controllers\Admin\ImageManagerController.php:2
[11-May-2026 08:20:53 Europe/Berlin] [API Error] Call to undefined method Database::query() in P:\Website Projects\Projects001\backend\app\Controllers\Admin\ImageManagerController.php:99
[11-May-2026 08:20:53 Europe/Berlin] [API Error] Call to undefined method Database::query() in P:\Website Projects\Projects001\backend\app\Controllers\Admin\ImageManagerController.php:99
[11-May-2026 08:23:38 Europe/Berlin] [API Error] SQLSTATE[42S02]: Base table or view not found: 1146 Table 'gaming_platform.media_library' doesn't exist in P:\Website Projects\Projects001\backend\app\Controllers\Admin\ImageManagerController.php:98
[11-May-2026 08:23:38 Europe/Berlin] [API Error] SQLSTATE[42S02]: Base table or view not found: 1146 Table 'gaming_platform.media_library' doesn't exist in P:\Website Projects\Projects001\backend\app\Controllers\Admin\ImageManagerController.php:98
[11-May-2026 08:24:01 Europe/Berlin] [API Error] SQLSTATE[42S02]: Base table or view not found: 1146 Table 'gaming_platform.media_library' doesn't exist in P:\Website Projects\Projects001\backend\app\Controllers\Admin\ImageManagerController.php:98
[11-May-2026 08:24:01 Europe/Berlin] [API Error] SQLSTATE[42S02]: Base table or view not found: 1146 Table 'gaming_platform.media_library' doesn't exist in P:\Website Projects\Projects001\backend\app\Controllers\Admin\ImageManagerController.php:98
[13-May-2026 15:55:49 Europe/Berlin] Product 26 last_claimed: null, now: 2026-05-13 15:55:49
[13-May-2026 16:06:02 Europe/Berlin] Product 27 last_claimed: null, now: 2026-05-13 16:06:02
[13-May-2026 16:18:28 Europe/Berlin] Product 28 last_claimed: null, now: 2026-05-13 16:18:28
[13-May-2026 16:19:05 Europe/Berlin] Product 29 last_claimed: null, now: 2026-05-13 16:19:05
[13-May-2026 16:28:11 Europe/Berlin] Product 30 last_claimed: null, now: 2026-05-13 16:28:11
[13-May-2026 16:28:22 Europe/Berlin] Product 31 last_claimed: null, now: 2026-05-13 16:28:22
[13-May-2026 18:11:34 Europe/Berlin] Product 26 last_claimed: 2026-05-04 19:25:49, now: 2026-05-13 18:11:34
[13-May-2026 18:11:34 Europe/Berlin] Product 26 last_claimed: 2026-05-13 21:41:34, now: 2026-05-13 18:11:34
[13-May-2026 18:14:50 Europe/Berlin] Product 26 last_claimed: 2026-05-03 21:41:34, now: 2026-05-13 18:14:50
[13-May-2026 18:14:50 Europe/Berlin] Product 26 last_claimed: 2026-05-13 21:44:50, now: 2026-05-13 18:14:50
[13-May-2026 18:15:47 Europe/Berlin] Product 26 last_claimed: 2026-05-03 21:44:50, now: 2026-05-13 18:15:47
[13-May-2026 18:15:47 Europe/Berlin] Product 26 last_claimed: 2026-05-13 21:45:47, now: 2026-05-13 18:15:47
[13-May-2026 18:16:34 Europe/Berlin] Product 26 last_claimed: 2026-05-03 21:45:47, now: 2026-05-13 18:16:34
[13-May-2026 18:16:34 Europe/Berlin] Product 26 last_claimed: 2026-05-13 21:46:34, now: 2026-05-13 18:16:34
[13-May-2026 18:27:39 Europe/Berlin] Product 26 last_claimed: 2026-05-03 21:46:34, now: 2026-05-13 18:27:39
[13-May-2026 18:35:40 Europe/Berlin] Product 26 last_claimed: 2026-05-03 21:57:39, now: 2026-05-13 18:35:40
[13-May-2026 18:43:28 Europe/Berlin] Product 26 last_claimed: 2026-05-03 22:05:40, now: 2026-05-13 18:43:28
[13-May-2026 18:48:23 Europe/Berlin] Product 26 last_claimed: 2026-05-03 22:13:28, now: 2026-05-13 18:48:23
[13-May-2026 18:49:55 Europe/Berlin] Product 32 last_claimed: null, now: 2026-05-13 18:49:55
[13-May-2026 18:50:58 Europe/Berlin] Product 33 last_claimed: null, now: 2026-05-13 18:50:58
[16-May-2026 09:50:13 Europe/Berlin] [API Error] Database connection failed: SQLSTATE[HY000] [2002] No connection could be made because the target machine actively refused it in P:\Website Projects\Projects001\backend\config\Database.php:42
[16-May-2026 09:50:17 Europe/Berlin] [API Error] Database connection failed: SQLSTATE[HY000] [2002] No connection could be made because the target machine actively refused it in P:\Website Projects\Projects001\backend\config\Database.php:42
[16-May-2026 09:50:21 Europe/Berlin] [API Error] Database connection failed: SQLSTATE[HY000] [2002] No connection could be made because the target machine actively refused it in P:\Website Projects\Projects001\backend\config\Database.php:42
[16-May-2026 09:50:25 Europe/Berlin] [API Error] Database connection failed: SQLSTATE[HY000] [2002] No connection could be made because the target machine actively refused it in P:\Website Projects\Projects001\backend\config\Database.php:42
[16-May-2026 09:50:29 Europe/Berlin] [API Error] Database connection failed: SQLSTATE[HY000] [2002] No connection could be made because the target machine actively refused it in P:\Website Projects\Projects001\backend\config\Database.php:42
[16-May-2026 09:50:34 Europe/Berlin] [API Error] Database connection failed: SQLSTATE[HY000] [2002] No connection could be made because the target machine actively refused it in P:\Website Projects\Projects001\backend\config\Database.php:42
[16-May-2026 09:50:38 Europe/Berlin] [API Error] Database connection failed: SQLSTATE[HY000] [2002] No connection could be made because the target machine actively refused it in P:\Website Projects\Projects001\backend\config\Database.php:42
[16-May-2026 09:50:42 Europe/Berlin] [API Error] Database connection failed: SQLSTATE[HY000] [2002] No connection could be made because the target machine actively refused it in P:\Website Projects\Projects001\backend\config\Database.php:42
[16-May-2026 09:50:46 Europe/Berlin] [API Error] Database connection failed: SQLSTATE[HY000] [2002] No connection could be made because the target machine actively refused it in P:\Website Projects\Projects001\backend\config\Database.php:42
[16-May-2026 09:50:50 Europe/Berlin] [API Error] Database connection failed: SQLSTATE[HY000] [2002] No connection could be made because the target machine actively refused it in P:\Website Projects\Projects001\backend\config\Database.php:42
[16-May-2026 09:50:54 Europe/Berlin] [API Error] Database connection failed: SQLSTATE[HY000] [2002] No connection could be made because the target machine actively refused it in P:\Website Projects\Projects001\backend\config\Database.php:42
[16-May-2026 13:20:58 Asia/Kolkata] [API Error] Database connection failed: SQLSTATE[HY000] [2002] No connection could be made because the target machine actively refused it in P:\Website Projects\Projects001\backend\config\Database.php:42
[16-May-2026 09:51:02 Europe/Berlin] [API Error] Database connection failed: SQLSTATE[HY000] [2002] No connection could be made because the target machine actively refused it in P:\Website Projects\Projects001\backend\config\Database.php:42
[16-May-2026 09:51:06 Europe/Berlin] [API Error] Database connection failed: SQLSTATE[HY000] [2002] No connection could be made because the target machine actively refused it in P:\Website Projects\Projects001\backend\config\Database.php:42
[16-May-2026 09:51:10 Europe/Berlin] [API Error] Database connection failed: SQLSTATE[HY000] [2002] No connection could be made because the target machine actively refused it in P:\Website Projects\Projects001\backend\config\Database.php:42
[16-May-2026 09:51:15 Europe/Berlin] [API Error] Database connection failed: SQLSTATE[HY000] [2002] No connection could be made because the target machine actively refused it in P:\Website Projects\Projects001\backend\config\Database.php:42
[16-May-2026 13:21:19 Asia/Kolkata] [API Error] Database connection failed: SQLSTATE[HY000] [2002] No connection could be made because the target machine actively refused it in P:\Website Projects\Projects001\backend\config\Database.php:42
[16-May-2026 09:51:23 Europe/Berlin] [API Error] Database connection failed: SQLSTATE[HY000] [2002] No connection could be made because the target machine actively refused it in P:\Website Projects\Projects001\backend\config\Database.php:42
[16-May-2026 13:21:27 Asia/Kolkata] [API Error] Database connection failed: SQLSTATE[HY000] [2002] No connection could be made because the target machine actively refused it in P:\Website Projects\Projects001\backend\config\Database.php:42
[16-May-2026 09:51:31 Europe/Berlin] [API Error] Database connection failed: SQLSTATE[HY000] [2002] No connection could be made because the target machine actively refused it in P:\Website Projects\Projects001\backend\config\Database.php:42
[16-May-2026 09:51:35 Europe/Berlin] [API Error] Database connection failed: SQLSTATE[HY000] [2002] No connection could be made because the target machine actively refused it in P:\Website Projects\Projects001\backend\config\Database.php:42
[16-May-2026 09:51:39 Europe/Berlin] [API Error] Database connection failed: SQLSTATE[HY000] [2002] No connection could be made because the target machine actively refused it in P:\Website Projects\Projects001\backend\config\Database.php:42
[16-May-2026 09:51:43 Europe/Berlin] [API Error] Database connection failed: SQLSTATE[HY000] [2002] No connection could be made because the target machine actively refused it in P:\Website Projects\Projects001\backend\config\Database.php:42
[16-May-2026 09:51:47 Europe/Berlin] [API Error] Database connection failed: SQLSTATE[HY000] [2002] No connection could be made because the target machine actively refused it in P:\Website Projects\Projects001\backend\config\Database.php:42
[16-May-2026 09:51:51 Europe/Berlin] [API Error] Database connection failed: SQLSTATE[HY000] [2002] No connection could be made because the target machine actively refused it in P:\Website Projects\Projects001\backend\config\Database.php:42
[16-May-2026 09:51:55 Europe/Berlin] [API Error] Database connection failed: SQLSTATE[HY000] [2002] No connection could be made because the target machine actively refused it in P:\Website Projects\Projects001\backend\config\Database.php:42
[16-May-2026 13:21:59 Asia/Kolkata] [API Error] Database connection failed: SQLSTATE[HY000] [2002] No connection could be made because the target machine actively refused it in P:\Website Projects\Projects001\backend\config\Database.php:42
[16-May-2026 09:52:04 Europe/Berlin] [API Error] Database connection failed: SQLSTATE[HY000] [2002] No connection could be made because the target machine actively refused it in P:\Website Projects\Projects001\backend\config\Database.php:42
[16-May-2026 09:52:08 Europe/Berlin] [API Error] Database connection failed: SQLSTATE[HY000] [2002] No connection could be made because the target machine actively refused it in P:\Website Projects\Projects001\backend\config\Database.php:42
[16-May-2026 09:52:12 Europe/Berlin] [API Error] Database connection failed: SQLSTATE[HY000] [2002] No connection could be made because the target machine actively refused it in P:\Website Projects\Projects001\backend\config\Database.php:42
[16-May-2026 09:52:16 Europe/Berlin] [API Error] Database connection failed: SQLSTATE[HY000] [2002] No connection could be made because the target machine actively refused it in P:\Website Projects\Projects001\backend\config\Database.php:42
[16-May-2026 13:22:20 Asia/Kolkata] [API Error] Database connection failed: SQLSTATE[HY000] [2002] No connection could be made because the target machine actively refused it in P:\Website Projects\Projects001\backend\config\Database.php:42
[16-May-2026 09:52:24 Europe/Berlin] [API Error] Database connection failed: SQLSTATE[HY000] [2002] No connection could be made because the target machine actively refused it in P:\Website Projects\Projects001\backend\config\Database.php:42
[16-May-2026 13:22:28 Asia/Kolkata] [API Error] Database connection failed: SQLSTATE[HY000] [2002] No connection could be made because the target machine actively refused it in P:\Website Projects\Projects001\backend\config\Database.php:42
[16-May-2026 09:52:32 Europe/Berlin] [API Error] Database connection failed: SQLSTATE[HY000] [2002] No connection could be made because the target machine actively refused it in P:\Website Projects\Projects001\backend\config\Database.php:42
[16-May-2026 09:52:36 Europe/Berlin] [API Error] Database connection failed: SQLSTATE[HY000] [2002] No connection could be made because the target machine actively refused it in P:\Website Projects\Projects001\backend\config\Database.php:42
[16-May-2026 10:04:18 Europe/Berlin] Product 37 last_claimed: null, now: 2026-05-16 10:04:18
[16-May-2026 10:04:21 Europe/Berlin] Product 36 last_claimed: null, now: 2026-05-16 10:04:21
[16-May-2026 10:10:43 Europe/Berlin] Product 39 last_claimed: null, now: 2026-05-16 10:10:43
[16-May-2026 10:10:43 Europe/Berlin] Product 38 last_claimed: null, now: 2026-05-16 10:10:43
[16-May-2026 10:14:47 Europe/Berlin] Product 39 last_claimed: 2026-05-15 13:40:43, now: 2026-05-16 10:14:47
[16-May-2026 10:14:47 Europe/Berlin] Product 39 last_claimed: 2026-05-15 13:40:43, now: 2026-05-16 10:14:47
[16-May-2026 10:14:57 Europe/Berlin] Product 39 last_claimed: 2026-05-15 13:40:43, now: 2026-05-16 10:14:57
[16-May-2026 10:15:09 Europe/Berlin] Product 39 last_claimed: 2026-05-15 13:40:43, now: 2026-05-16 10:15:09
[16-May-2026 10:15:40 Europe/Berlin] Product 39 last_claimed: 2026-05-15 13:40:43, now: 2026-05-16 10:15:40
[16-May-2026 13:49:02 Asia/Kolkata] Product 39 last_claimed: 2026-05-15 13:40:43, now: 2026-05-16 13:49:02
[16-May-2026 13:49:02 Asia/Kolkata] Product 39 last_claimed: 2026-05-16 13:49:02, now: 2026-05-16 13:49:02
[16-May-2026 13:52:43 Asia/Kolkata] Product 38 last_claimed: 2026-05-15 13:52:43, now: 2026-05-16 13:52:43
[16-May-2026 13:52:44 Asia/Kolkata] Product 38 last_claimed: 2026-05-16 13:52:43, now: 2026-05-16 13:52:44
[16-May-2026 13:53:43 Asia/Kolkata] Product 38 last_claimed: 2026-05-15 13:53:43, now: 2026-05-16 13:53:43
[16-May-2026 13:53:43 Asia/Kolkata] Product 38 last_claimed: 2026-05-16 13:53:43, now: 2026-05-16 13:53:43
[16-May-2026 13:58:00 Asia/Kolkata] Product 38 last_claimed: 2026-05-15 13:58:00, now: 2026-05-16 13:58:00
[16-May-2026 13:58:00 Asia/Kolkata] Product 38 last_claimed: 2026-05-16 13:58:00, now: 2026-05-16 13:58:00
[16-May-2026 13:59:00 Asia/Kolkata] Product 38 last_claimed: 2026-05-15 13:59:00, now: 2026-05-16 13:59:00
[16-May-2026 13:59:00 Asia/Kolkata] Product 38 last_claimed: 2026-05-16 13:59:00, now: 2026-05-16 13:59:00
[16-May-2026 14:00:24 Asia/Kolkata] Product 38 last_claimed: 2026-05-15 14:00:00, now: 2026-05-16 14:00:24
[16-May-2026 14:03:20 Asia/Kolkata] Product 38 last_claimed: 2026-05-15 14:03:00, now: 2026-05-16 14:03:20
