2026-04-20 09:44:45 POST api/debug ct:application/x-www-form-urlencoded;charset=UTF-8 raw:35 post:2 postdata:{"mobile":"9876543210","password":"test1234"}
2026-04-20 09:44:55 POST api/auth/register ct:application/json raw:69 post:0 postdata:[]
2026-04-20 09:44:57 POST api/auth/register ct:application/x-www-form-urlencoded;charset=UTF-8 raw:55 post:3 postdata:{"mobile":"9876543210","password":"test1234","withdrawal_pin":"1234"}
2026-04-20 09:45:00 POST api/debug ct:application/x-www-form-urlencoded;charset=UTF-8 raw:35 post:2 postdata:{"mobile":"9876543210","password":"test1234"}
2026-04-20 09:45:10 POST api/debug ct:application/x-www-form-urlencoded;charset=UTF-8 raw:35 post:2 postdata:{"mobile":"9876543210","password":"test1234"}
2026-04-20 09:45:34 POST api/auth/register ct:application/x-www-form-urlencoded;charset=UTF-8 raw:55 post:3 postdata:{"mobile":"9876543210","password":"test1234","withdrawal_pin":"1234"}
2026-04-20 09:45:41 POST api/auth/register ct:application/json raw:69 post:0 postdata:[]
2026-04-20 09:45:44 POST api/auth/register ct:application/json raw:69 post:0 postdata:[]
2026-04-20 09:46:24 POST api/auth/register ct:application/x-www-form-urlencoded;charset=UTF-8 raw:55 post:3 postdata:{"mobile":"9876543210","password":"test1234","withdrawal_pin":"1234"}
2026-04-20 09:46:44 POST api/auth/register ct:application/x-www-form-urlencoded;charset=UTF-8 raw:55 post:3 postdata:{"mobile":"9876543210","password":"test1234","withdrawal_pin":"1234"}
2026-04-20 09:47:07 POST api/auth/register ct:application/x-www-form-urlencoded raw:68 post:4 postdata:{"mobile":"7427984265","password":"88967655","withdrawalPin":"1234","referrerCode":""}
2026-04-20 09:47:48 POST api/auth/register ct:application/x-www-form-urlencoded raw:68 post:4 postdata:{"mobile":"7427984265","password":"88967655","withdrawalPin":"1234","referrerCode":""}
2026-04-20 09:47:57 POST api/auth/register ct:application/x-www-form-urlencoded raw:68 post:4 postdata:{"mobile":"7427984265","password":"88967655","withdrawalPin":"1234","referrerCode":""}
2026-04-20 09:50:00 POST api/auth/register ct:application/x-www-form-urlencoded;charset=UTF-8 raw:55 post:3 postdata:{"mobile":"9123456789","password":"test1234","withdrawal_pin":"1234"}
2026-04-20 09:50:33 POST api/auth/register ct:application/x-www-form-urlencoded raw:68 post:4 postdata:{"mobile":"7427984265","password":"88967655","withdrawalPin":"1234","referrerCode":""}
2026-04-20 09:51:42 POST api/auth/register ct:application/x-www-form-urlencoded raw:68 post:4 postdata:{"mobile":"7427984265","password":"88967655","withdrawalPin":"1234","referrerCode":""}
2026-04-20 09:54:48 POST api/auth/register ct:application/x-www-form-urlencoded raw:68 post:4 postdata:{"mobile":"7427984265","password":"88967655","withdrawalPin":"1234","referrerCode":""}
2026-04-20 09:56:01 GET api/auth/register ct: raw:0 post:0 postdata:[]
2026-04-20 09:56:34 POST api/auth/register ct:application/x-www-form-urlencoded raw:68 post:4 postdata:{"mobile":"7427984265","password":"88967655","withdrawalPin":"1234","referrerCode":""}
2026-04-20 09:58:30 POST api/auth/register ct:application/x-www-form-urlencoded raw:68 post:4 postdata:{"mobile":"7427984265","password":"88967655","withdrawalPin":"1234","referrerCode":""}
2026-04-20 09:58:30 GET api/user/profile ct:application/json raw:0 post:0 postdata:[]
2026-04-20 09:58:46 POST api/auth/login ct:application/x-www-form-urlencoded raw:35 post:2 postdata:{"mobile":"7427984265","password":"88967655"}
2026-04-20 09:58:46 GET api/user/profile ct:application/json raw:0 post:0 postdata:[]
2026-04-20 09:59:29 POST api/auth/register ct:application/x-www-form-urlencoded raw:68 post:4 postdata:{"mobile":"7427984265","password":"88967655","withdrawalPin":"1234","referrerCode":""}
2026-04-20 09:59:43 POST api/auth/register ct:application/x-www-form-urlencoded raw:68 post:4 postdata:{"mobile":"7427984265","password":"88967655","withdrawalPin":"1234","referrerCode":""}
2026-04-20 09:59:43 GET api/user/profile ct:application/json raw:0 post:0 postdata:[]
2026-04-20 09:59:48 GET api/user/profile ct: raw:0 post:0 postdata:[]
2026-04-20 10:03:00 POST api/auth/register ct:application/x-www-form-urlencoded raw:66 post:4 postdata:{"mobile":"1234567890","password":"123456","withdrawalPin":"1234","referrerCode":""}
2026-04-20 10:03:00 GET api/user/profile ct:application/json raw:0 post:0 postdata:[]
2026-04-20 10:04:57 POST api/auth/register ct:application/x-www-form-urlencoded raw:68 post:4 postdata:{"mobile":"7427984265","password":"88967655","withdrawalPin":"1234","referrerCode":""}
2026-04-20 10:04:58 GET api/user/profile ct:application/json raw:0 post:0 postdata:[]
2026-04-20 10:05:23 POST api/auth/register ct:application/x-www-form-urlencoded raw:68 post:4 postdata:{"mobile":"1234567890","password":"88967655","withdrawalPin":"1234","referrerCode":""}
2026-04-20 10:05:23 GET api/user/profile ct:application/json raw:0 post:0 postdata:[]
2026-04-20 10:05:32 POST api/auth/login ct:application/x-www-form-urlencoded raw:35 post:2 postdata:{"mobile":"7427984265","password":"88967655"}
2026-04-20 10:05:32 GET api/user/profile ct:application/json raw:0 post:0 postdata:[]
2026-04-20 10:06:06 POST api/auth/login ct:application/x-www-form-urlencoded raw:35 post:2 postdata:{"mobile":"7427984265","password":"88967655"}
2026-04-20 10:06:06 GET api/user/profile ct:application/json raw:0 post:0 postdata:[]
2026-04-20 10:08:31 POST api/auth/register ct:application/x-www-form-urlencoded raw:68 post:4 postdata:{"mobile":"1234567890","password":"88967655","withdrawalPin":"1234","referrerCode":""}
2026-04-20 10:08:32 GET api/user/profile ct:application/json raw:0 post:0 postdata:[]
2026-04-20 10:10:44 POST api/auth/register ct:application/x-www-form-urlencoded raw:68 post:4 postdata:{"mobile":"1234567890","password":"88967655","withdrawalPin":"1234","referrerCode":""}
2026-04-20 10:10:45 GET api/user/profile ct:application/json raw:0 post:0 postdata:[]
2026-04-20 10:11:02 POST api/auth/login ct:application/x-www-form-urlencoded raw:35 post:2 postdata:{"mobile":"1234567890","password":"88967655"}
2026-04-20 10:11:02 GET api/user/profile ct:application/json raw:0 post:0 postdata:[]
2026-04-20 14:27:09 GET api/banners ct: raw:0 post:0 postdata:[]
2026-04-20 14:27:37 GET api/banners ct:application/json raw:0 post:0 postdata:[]
2026-04-20 14:27:47 GET api/banners ct: raw:0 post:0 postdata:[]
2026-04-20 14:29:11 GET api/banners ct:application/json raw:0 post:0 postdata:[]
2026-04-20 14:29:11 GET api/banners ct:application/json raw:0 post:0 postdata:[]
2026-04-20 14:29:37 GET api/banners ct:application/json raw:0 post:0 postdata:[]
2026-04-20 14:29:38 GET api/banners ct:application/json raw:0 post:0 postdata:[]
2026-04-20 14:30:39 GET api/banners ct:application/json raw:0 post:0 postdata:[]
2026-04-20 14:30:39 GET api/banners ct:application/json raw:0 post:0 postdata:[]
2026-04-20 14:30:59 GET api/banners ct:application/json raw:0 post:0 postdata:[]
2026-04-20 14:30:59 GET api/banners ct:application/json raw:0 post:0 postdata:[]
2026-04-20 14:32:54 GET api/banners ct:application/json raw:0 post:0 postdata:[]
2026-04-20 14:32:54 GET api/banners ct:application/json raw:0 post:0 postdata:[]
